;;; TOOL: run-interp-spec
;;; STDIN_FILE: third_party/testsuite/binary-leb128.wast
(;; STDOUT ;;;
out/test/spec/binary-leb128.wast:218: assert_malformed passed:
  out/test/spec/binary-leb128/binary-leb128.25.wasm:000000c: error: unable to read u32 leb128: memory initial page count
out/test/spec/binary-leb128.wast:226: assert_malformed passed:
  out/test/spec/binary-leb128/binary-leb128.26.wasm:000000e: error: unable to read u32 leb128: memory max page count
out/test/spec/binary-leb128.wast:235: assert_malformed passed:
  out/test/spec/binary-leb128/binary-leb128.27.wasm:0000010: error: unable to read u32 leb128: data segment flags
out/test/spec/binary-leb128.wast:246: assert_malformed passed:
  out/test/spec/binary-leb128/binary-leb128.28.wasm:0000011: error: unable to read u32 leb128: elem segment flags
out/test/spec/binary-leb128.wast:257: assert_malformed passed:
  out/test/spec/binary-leb128/binary-leb128.29.wasm:0000009: error: unable to read u32 leb128: section size
out/test/spec/binary-leb128.wast:268: assert_malformed passed:
  out/test/spec/binary-leb128/binary-leb128.30.wasm:000000a: error: unable to read u32 leb128: string length
out/test/spec/binary-leb128.wast:279: assert_malformed passed:
  out/test/spec/binary-leb128/binary-leb128.31.wasm:000000c: error: unable to read u32 leb128: function param count
out/test/spec/binary-leb128.wast:291: assert_malformed passed:
  out/test/spec/binary-leb128/binary-leb128.32.wasm:000000f: error: unable to read u32 leb128: function result count
out/test/spec/binary-leb128.wast:303: assert_malformed passed:
  out/test/spec/binary-leb128/binary-leb128.33.wasm:0000012: error: unable to read u32 leb128: string length
out/test/spec/binary-leb128.wast:318: assert_malformed passed:
  out/test/spec/binary-leb128/binary-leb128.34.wasm:000001b: error: unable to read u32 leb128: string length
out/test/spec/binary-leb128.wast:333: assert_malformed passed:
  out/test/spec/binary-leb128/binary-leb128.35.wasm:0000026: error: unable to read u32 leb128: import signature index
out/test/spec/binary-leb128.wast:348: assert_malformed passed:
  out/test/spec/binary-leb128/binary-leb128.36.wasm:0000011: error: unable to read u32 leb128: function signature index
out/test/spec/binary-leb128.wast:360: assert_malformed passed:
  out/test/spec/binary-leb128/binary-leb128.37.wasm:0000015: error: unable to read u32 leb128: string length
out/test/spec/binary-leb128.wast:376: assert_malformed passed:
  out/test/spec/binary-leb128/binary-leb128.38.wasm:0000019: error: unable to read u32 leb128: export item index
out/test/spec/binary-leb128.wast:392: assert_malformed passed:
  out/test/spec/binary-leb128/binary-leb128.39.wasm:0000014: error: unable to read u32 leb128: function body count
out/test/spec/binary-leb128.wast:405: assert_malformed passed:
  out/test/spec/binary-leb128/binary-leb128.40.wasm:0000022: error: unable to read u32 leb128: load offset
out/test/spec/binary-leb128.wast:424: assert_malformed passed:
  out/test/spec/binary-leb128/binary-leb128.41.wasm:0000021: error: unable to read u32 leb128: load alignment
out/test/spec/binary-leb128.wast:443: assert_malformed passed:
  out/test/spec/binary-leb128/binary-leb128.42.wasm:0000023: error: unable to read u32 leb128: store alignment
out/test/spec/binary-leb128.wast:462: assert_malformed passed:
  out/test/spec/binary-leb128/binary-leb128.43.wasm:0000024: error: unable to read u32 leb128: store offset
out/test/spec/binary-leb128.wast:483: assert_malformed passed:
  out/test/spec/binary-leb128/binary-leb128.44.wasm:000000e: error: unable to read i32 leb128: i32.const value
out/test/spec/binary-leb128.wast:493: assert_malformed passed:
  out/test/spec/binary-leb128/binary-leb128.45.wasm:000000e: error: unable to read i32 leb128: i32.const value
out/test/spec/binary-leb128.wast:504: assert_malformed passed:
  out/test/spec/binary-leb128/binary-leb128.46.wasm:000000e: error: unable to read i64 leb128: i64.const value
out/test/spec/binary-leb128.wast:514: assert_malformed passed:
  out/test/spec/binary-leb128/binary-leb128.47.wasm:000000e: error: unable to read i64 leb128: i64.const value
out/test/spec/binary-leb128.wast:526: assert_malformed passed:
  out/test/spec/binary-leb128/binary-leb128.48.wasm:000000c: error: unable to read u32 leb128: memory initial page count
out/test/spec/binary-leb128.wast:534: assert_malformed passed:
  out/test/spec/binary-leb128/binary-leb128.49.wasm:000000c: error: unable to read u32 leb128: memory initial page count
out/test/spec/binary-leb128.wast:542: assert_malformed passed:
  out/test/spec/binary-leb128/binary-leb128.50.wasm:000000e: error: unable to read u32 leb128: memory max page count
out/test/spec/binary-leb128.wast:551: assert_malformed passed:
  out/test/spec/binary-leb128/binary-leb128.51.wasm:000000e: error: unable to read u32 leb128: memory max page count
out/test/spec/binary-leb128.wast:560: assert_malformed passed:
  out/test/spec/binary-leb128/binary-leb128.52.wasm:0000010: error: unable to read u32 leb128: data segment flags
out/test/spec/binary-leb128.wast:571: assert_malformed passed:
  out/test/spec/binary-leb128/binary-leb128.53.wasm:0000011: error: unable to read u32 leb128: elem segment flags
out/test/spec/binary-leb128.wast:582: assert_malformed passed:
  out/test/spec/binary-leb128/binary-leb128.54.wasm:0000009: error: unable to read u32 leb128: section size
out/test/spec/binary-leb128.wast:593: assert_malformed passed:
  out/test/spec/binary-leb128/binary-leb128.55.wasm:000000a: error: unable to read u32 leb128: string length
out/test/spec/binary-leb128.wast:604: assert_malformed passed:
  out/test/spec/binary-leb128/binary-leb128.56.wasm:000000c: error: unable to read u32 leb128: function param count
out/test/spec/binary-leb128.wast:616: assert_malformed passed:
  out/test/spec/binary-leb128/binary-leb128.57.wasm:000000f: error: unable to read u32 leb128: function result count
out/test/spec/binary-leb128.wast:628: assert_malformed passed:
  out/test/spec/binary-leb128/binary-leb128.58.wasm:0000012: error: unable to read u32 leb128: string length
out/test/spec/binary-leb128.wast:643: assert_malformed passed:
  out/test/spec/binary-leb128/binary-leb128.59.wasm:000001b: error: unable to read u32 leb128: string length
out/test/spec/binary-leb128.wast:658: assert_malformed passed:
  out/test/spec/binary-leb128/binary-leb128.60.wasm:0000026: error: unable to read u32 leb128: import signature index
out/test/spec/binary-leb128.wast:673: assert_malformed passed:
  out/test/spec/binary-leb128/binary-leb128.61.wasm:0000011: error: unable to read u32 leb128: function signature index
out/test/spec/binary-leb128.wast:686: assert_malformed passed:
  out/test/spec/binary-leb128/binary-leb128.62.wasm:0000015: error: unable to read u32 leb128: string length
out/test/spec/binary-leb128.wast:702: assert_malformed passed:
  out/test/spec/binary-leb128/binary-leb128.63.wasm:0000019: error: unable to read u32 leb128: export item index
out/test/spec/binary-leb128.wast:718: assert_malformed passed:
  out/test/spec/binary-leb128/binary-leb128.64.wasm:0000014: error: unable to read u32 leb128: function body count
out/test/spec/binary-leb128.wast:731: assert_malformed passed:
  out/test/spec/binary-leb128/binary-leb128.65.wasm:0000022: error: unable to read u32 leb128: load offset
out/test/spec/binary-leb128.wast:750: assert_malformed passed:
  out/test/spec/binary-leb128/binary-leb128.66.wasm:0000022: error: unable to read u32 leb128: load offset
out/test/spec/binary-leb128.wast:769: assert_malformed passed:
  out/test/spec/binary-leb128/binary-leb128.67.wasm:0000021: error: unable to read u32 leb128: load alignment
out/test/spec/binary-leb128.wast:787: assert_malformed passed:
  out/test/spec/binary-leb128/binary-leb128.68.wasm:0000021: error: unable to read u32 leb128: load alignment
out/test/spec/binary-leb128.wast:806: assert_malformed passed:
  out/test/spec/binary-leb128/binary-leb128.69.wasm:0000023: error: unable to read u32 leb128: store alignment
out/test/spec/binary-leb128.wast:825: assert_malformed passed:
  out/test/spec/binary-leb128/binary-leb128.70.wasm:0000023: error: unable to read u32 leb128: store alignment
out/test/spec/binary-leb128.wast:844: assert_malformed passed:
  out/test/spec/binary-leb128/binary-leb128.71.wasm:0000024: error: unable to read u32 leb128: store offset
out/test/spec/binary-leb128.wast:863: assert_malformed passed:
  out/test/spec/binary-leb128/binary-leb128.72.wasm:0000024: error: unable to read u32 leb128: store offset
out/test/spec/binary-leb128.wast:885: assert_malformed passed:
  out/test/spec/binary-leb128/binary-leb128.73.wasm:000000e: error: unable to read i32 leb128: i32.const value
out/test/spec/binary-leb128.wast:895: assert_malformed passed:
  out/test/spec/binary-leb128/binary-leb128.74.wasm:000000e: error: unable to read i32 leb128: i32.const value
out/test/spec/binary-leb128.wast:905: assert_malformed passed:
  out/test/spec/binary-leb128/binary-leb128.75.wasm:000000e: error: unable to read i32 leb128: i32.const value
out/test/spec/binary-leb128.wast:915: assert_malformed passed:
  out/test/spec/binary-leb128/binary-leb128.76.wasm:000000e: error: unable to read i32 leb128: i32.const value
out/test/spec/binary-leb128.wast:926: assert_malformed passed:
  out/test/spec/binary-leb128/binary-leb128.77.wasm:000000e: error: unable to read i64 leb128: i64.const value
out/test/spec/binary-leb128.wast:936: assert_malformed passed:
  out/test/spec/binary-leb128/binary-leb128.78.wasm:000000e: error: unable to read i64 leb128: i64.const value
out/test/spec/binary-leb128.wast:946: assert_malformed passed:
  out/test/spec/binary-leb128/binary-leb128.79.wasm:000000e: error: unable to read i64 leb128: i64.const value
out/test/spec/binary-leb128.wast:956: assert_malformed passed:
  out/test/spec/binary-leb128/binary-leb128.80.wasm:000000e: error: unable to read i64 leb128: i64.const value
out/test/spec/binary-leb128.wast:988: assert_malformed passed:
  out/test/spec/binary-leb128/binary-leb128.82.wasm:0000019: error: unable to read u32 leb128: opcode
83/83 tests passed.
;;; STDOUT ;;)
